<?xml version="1.0" encoding="utf-8"?><testsuites name="pytest tests"><testsuite name="pytest" errors="0" failures="0" skipped="0" tests="13" time="0.947" timestamp="2025-06-08T22:30:30.998820-05:00" hostname="Ing-Sebastian"><testcase classname="test.test_app" name="test_calculate_total_cost" time="0.001" /><testcase classname="test.test_app" name="test_display_membership_options" time="0.001" /><testcase classname="test.test_app" name="test_display_feature_options" time="0.001" /><testcase classname="test.test_discounts" name="test_group_discount" time="0.001" /><testcase classname="test.test_discounts" name="test_special_offer_discount" time="0.000" /><testcase classname="test.test_features" name="test_get_available_features" time="0.000" /><testcase classname="test.test_features" name="test_calculate_feature_cost" time="0.000" /><testcase classname="test.test_features" name="test_invalid_feature" time="0.001" /><testcase classname="test.test_memberships" name="test_get_membership_plans" time="0.001" /><testcase classname="test.test_memberships" name="test_get_membership_details" time="0.000" /><testcase classname="test.test_memberships" name="test_invalid_membership" time="0.000" /><testcase classname="test.test_utils" name="test_validate_membership_plan" time="0.000" /><testcase classname="test.test_utils" name="test_validate_features" time="0.000" /></testsuite></testsuites>